{"/Users/adryo/workspace/mum/mpp/TwitterClone/twitter-clone-client/App.js": {"path":"/Users/adryo/workspace/mum/mpp/TwitterClone/twitter-clone-client/App.js","statementMap":{"0":{"start":{"line":22,"column":18},"end":{"line":22,"column":50}},"1":{"start":{"line":24,"column":0},"end":{"line":24,"column":42}},"2":{"start":{"line":27,"column":50},"end":{"line":27,"column":65}},"3":{"start":{"line":30,"column":2},"end":{"line":45,"column":3}},"4":{"start":{"line":31,"column":4},"end":{"line":37,"column":6}},"5":{"start":{"line":35,"column":24},"end":{"line":35,"column":63}},"6":{"start":{"line":39,"column":4},"end":{"line":44,"column":6}},"7":{"start":{"line":47,"column":2},"end":{"line":57,"column":4}},"8":{"start":{"line":61,"column":2},"end":{"line":70,"column":5}},"9":{"start":{"line":76,"column":2},"end":{"line":76,"column":22}},"10":{"start":{"line":80,"column":2},"end":{"line":80,"column":27}},"11":{"start":{"line":83,"column":15},"end":{"line":88,"column":2}}},"fnMap":{"0":{"name":"App","decl":{"start":{"line":26,"column":24},"end":{"line":26,"column":27}},"loc":{"start":{"line":26,"column":35},"end":{"line":58,"column":1}},"line":26},"1":{"name":"(anonymous_1)","decl":{"start":{"line":35,"column":18},"end":{"line":35,"column":19}},"loc":{"start":{"line":35,"column":24},"end":{"line":35,"column":63}},"line":35},"2":{"name":"loadResourcesAsync","decl":{"start":{"line":60,"column":15},"end":{"line":60,"column":33}},"loc":{"start":{"line":60,"column":36},"end":{"line":71,"column":1}},"line":60},"3":{"name":"handleLoadingError","decl":{"start":{"line":73,"column":9},"end":{"line":73,"column":27}},"loc":{"start":{"line":73,"column":35},"end":{"line":77,"column":1}},"line":73},"4":{"name":"handleFinishLoading","decl":{"start":{"line":79,"column":9},"end":{"line":79,"column":28}},"loc":{"start":{"line":79,"column":49},"end":{"line":81,"column":1}},"line":79}},"branchMap":{"0":{"loc":{"start":{"line":30,"column":2},"end":{"line":45,"column":3}},"type":"if","locations":[{"start":{"line":30,"column":2},"end":{"line":45,"column":3}},{"start":{"line":30,"column":2},"end":{"line":45,"column":3}}],"line":30},"1":{"loc":{"start":{"line":30,"column":6},"end":{"line":30,"column":52}},"type":"binary-expr","locations":[{"start":{"line":30,"column":6},"end":{"line":30,"column":24}},{"start":{"line":30,"column":28},"end":{"line":30,"column":52}}],"line":30},"2":{"loc":{"start":{"line":41,"column":9},"end":{"line":41,"column":66}},"type":"binary-expr","locations":[{"start":{"line":41,"column":9},"end":{"line":41,"column":30}},{"start":{"line":41,"column":34},"end":{"line":41,"column":66}}],"line":41}},"s":{"0":1,"1":1,"2":2,"3":2,"4":1,"5":0,"6":1,"7":2,"8":0,"9":0,"10":0,"11":1},"f":{"0":2,"1":0,"2":0,"3":0,"4":0},"b":{"0":[1,1],"1":[2,2],"2":[1,1]},"_coverageSchema":"43e27e138ebf9cfc5966b082cf9a028302ed4184","hash":"5abf1dce4fe1ec55e121c2a8436851d44ba8b0ee"}
,"/Users/adryo/workspace/mum/mpp/TwitterClone/twitter-clone-client/src/components/RoundButton.js": {"path":"/Users/adryo/workspace/mum/mpp/TwitterClone/twitter-clone-client/src/components/RoundButton.js","statementMap":{"0":{"start":{"line":3,"column":26},"end":{"line":3,"column":124}}},"fnMap":{"0":{"name":"(anonymous_0)","decl":{"start":{"line":3,"column":15},"end":{"line":3,"column":16}},"loc":{"start":{"line":3,"column":26},"end":{"line":3,"column":124}},"line":3}},"branchMap":{},"s":{"0":1},"f":{"0":1},"b":{},"_coverageSchema":"43e27e138ebf9cfc5966b082cf9a028302ed4184","hash":"8e02d8cd6889d20b72816e2f37371aca87b8d79c"}
,"/Users/adryo/workspace/mum/mpp/TwitterClone/twitter-clone-client/src/components/StyledText.js": {"path":"/Users/adryo/workspace/mum/mpp/TwitterClone/twitter-clone-client/src/components/StyledText.js","statementMap":{"0":{"start":{"line":5,"column":2},"end":{"line":7,"column":4}}},"fnMap":{"0":{"name":"MonoText","decl":{"start":{"line":4,"column":16},"end":{"line":4,"column":24}},"loc":{"start":{"line":4,"column":32},"end":{"line":8,"column":1}},"line":4}},"branchMap":{},"s":{"0":1},"f":{"0":1},"b":{},"_coverageSchema":"43e27e138ebf9cfc5966b082cf9a028302ed4184","hash":"bbcefbda39749c25438513504361295e355cf95a"}
,"/Users/adryo/workspace/mum/mpp/TwitterClone/twitter-clone-client/src/components/TabBarIcon.js": {"path":"/Users/adryo/workspace/mum/mpp/TwitterClone/twitter-clone-client/src/components/TabBarIcon.js","statementMap":{"0":{"start":{"line":7,"column":2},"end":{"line":14,"column":4}}},"fnMap":{"0":{"name":"TabBarIcon","decl":{"start":{"line":6,"column":24},"end":{"line":6,"column":34}},"loc":{"start":{"line":6,"column":42},"end":{"line":15,"column":1}},"line":6}},"branchMap":{"0":{"loc":{"start":{"line":12,"column":13},"end":{"line":12,"column":75}},"type":"cond-expr","locations":[{"start":{"line":12,"column":29},"end":{"line":12,"column":51}},{"start":{"line":12,"column":54},"end":{"line":12,"column":75}}],"line":12}},"s":{"0":2},"f":{"0":2},"b":{"0":[1,1]},"_coverageSchema":"43e27e138ebf9cfc5966b082cf9a028302ed4184","hash":"7dad05d0dae7915a5c6a4d40827be846fc9d3677"}
,"/Users/adryo/workspace/mum/mpp/TwitterClone/twitter-clone-client/src/components/TweetCard.js": {"path":"/Users/adryo/workspace/mum/mpp/TwitterClone/twitter-clone-client/src/components/TweetCard.js","statementMap":{"0":{"start":{"line":6,"column":4},"end":{"line":51,"column":6}},"1":{"start":{"line":54,"column":15},"end":{"line":97,"column":2}}},"fnMap":{"0":{"name":"TweetCard","decl":{"start":{"line":5,"column":24},"end":{"line":5,"column":33}},"loc":{"start":{"line":5,"column":69},"end":{"line":52,"column":1}},"line":5}},"branchMap":{},"s":{"0":0,"1":1},"f":{"0":0},"b":{},"_coverageSchema":"43e27e138ebf9cfc5966b082cf9a028302ed4184","hash":"e3dd55b6314a03be2820bc576e3857883b1dcd81"}
,"/Users/adryo/workspace/mum/mpp/TwitterClone/twitter-clone-client/src/components/TweetList.js": {"path":"/Users/adryo/workspace/mum/mpp/TwitterClone/twitter-clone-client/src/components/TweetList.js","statementMap":{"0":{"start":{"line":15,"column":8},"end":{"line":15,"column":21}},"1":{"start":{"line":16,"column":8},"end":{"line":19,"column":9}},"2":{"start":{"line":23,"column":8},"end":{"line":23,"column":31}},"3":{"start":{"line":26,"column":17},"end":{"line":30,"column":5}},"4":{"start":{"line":27,"column":8},"end":{"line":29,"column":10}},"5":{"start":{"line":32,"column":24},"end":{"line":40,"column":5}},"6":{"start":{"line":33,"column":26},"end":{"line":33,"column":36}},"7":{"start":{"line":34,"column":8},"end":{"line":39,"column":17}},"8":{"start":{"line":41,"column":22},"end":{"line":45,"column":5}},"9":{"start":{"line":42,"column":8},"end":{"line":44,"column":10}},"10":{"start":{"line":47,"column":21},"end":{"line":49,"column":5}},"11":{"start":{"line":48,"column":8},"end":{"line":48,"column":38}},"12":{"start":{"line":51,"column":46},"end":{"line":51,"column":56}},"13":{"start":{"line":52,"column":8},"end":{"line":52,"column":49}},"14":{"start":{"line":52,"column":21},"end":{"line":52,"column":49}},"15":{"start":{"line":53,"column":8},"end":{"line":66,"column":10}},"16":{"start":{"line":58,"column":48},"end":{"line":58,"column":61}},"17":{"start":{"line":70,"column":15},"end":{"line":116,"column":2}},"18":{"start":{"line":118,"column":40},"end":{"line":121,"column":1}},"19":{"start":{"line":121,"column":17},"end":{"line":123,"column":1}},"20":{"start":{"line":122,"column":21},"end":{"line":122,"column":42}}},"fnMap":{"0":{"name":"(anonymous_0)","decl":{"start":{"line":14,"column":4},"end":{"line":14,"column":5}},"loc":{"start":{"line":14,"column":23},"end":{"line":20,"column":5}},"line":14},"1":{"name":"(anonymous_1)","decl":{"start":{"line":22,"column":4},"end":{"line":22,"column":5}},"loc":{"start":{"line":22,"column":24},"end":{"line":24,"column":5}},"line":22},"2":{"name":"(anonymous_2)","decl":{"start":{"line":26,"column":17},"end":{"line":26,"column":18}},"loc":{"start":{"line":26,"column":31},"end":{"line":30,"column":5}},"line":26},"3":{"name":"(anonymous_3)","decl":{"start":{"line":32,"column":24},"end":{"line":32,"column":25}},"loc":{"start":{"line":32,"column":30},"end":{"line":40,"column":5}},"line":32},"4":{"name":"(anonymous_4)","decl":{"start":{"line":41,"column":22},"end":{"line":41,"column":23}},"loc":{"start":{"line":41,"column":28},"end":{"line":45,"column":5}},"line":41},"5":{"name":"(anonymous_5)","decl":{"start":{"line":47,"column":21},"end":{"line":47,"column":22}},"loc":{"start":{"line":47,"column":27},"end":{"line":49,"column":5}},"line":47},"6":{"name":"(anonymous_6)","decl":{"start":{"line":50,"column":4},"end":{"line":50,"column":5}},"loc":{"start":{"line":50,"column":13},"end":{"line":67,"column":5}},"line":50},"7":{"name":"(anonymous_7)","decl":{"start":{"line":58,"column":34},"end":{"line":58,"column":35}},"loc":{"start":{"line":58,"column":48},"end":{"line":58,"column":61}},"line":58},"8":{"name":"(anonymous_8)","decl":{"start":{"line":118,"column":23},"end":{"line":118,"column":24}},"loc":{"start":{"line":118,"column":40},"end":{"line":121,"column":1}},"line":118},"9":{"name":"(anonymous_9)","decl":{"start":{"line":121,"column":4},"end":{"line":121,"column":5}},"loc":{"start":{"line":121,"column":17},"end":{"line":123,"column":1}},"line":121},"10":{"name":"(anonymous_10)","decl":{"start":{"line":122,"column":15},"end":{"line":122,"column":16}},"loc":{"start":{"line":122,"column":21},"end":{"line":122,"column":42}},"line":122}},"branchMap":{"0":{"loc":{"start":{"line":34,"column":15},"end":{"line":39,"column":16}},"type":"cond-expr","locations":[{"start":{"line":35,"column":12},"end":{"line":38,"column":19}},{"start":{"line":39,"column":12},"end":{"line":39,"column":16}}],"line":34},"1":{"loc":{"start":{"line":52,"column":8},"end":{"line":52,"column":49}},"type":"if","locations":[{"start":{"line":52,"column":8},"end":{"line":52,"column":49}},{"start":{"line":52,"column":8},"end":{"line":52,"column":49}}],"line":52}},"s":{"0":6,"1":6,"2":2,"3":6,"4":1,"5":6,"6":3,"7":3,"8":6,"9":1,"10":6,"11":1,"12":2,"13":2,"14":0,"15":2,"16":0,"17":2,"18":0,"19":0,"20":0},"f":{"0":6,"1":2,"2":1,"3":3,"4":1,"5":1,"6":2,"7":0,"8":0,"9":0,"10":0},"b":{"0":[2,1],"1":[0,2]},"_coverageSchema":"43e27e138ebf9cfc5966b082cf9a028302ed4184","hash":"5fd7fec2ebc0640acc7c8bb529de2daf8d35e751"}
,"/Users/adryo/workspace/mum/mpp/TwitterClone/twitter-clone-client/src/constants/Colors.js": {"path":"/Users/adryo/workspace/mum/mpp/TwitterClone/twitter-clone-client/src/constants/Colors.js","statementMap":{"0":{"start":{"line":1,"column":18},"end":{"line":1,"column":27}}},"fnMap":{},"branchMap":{},"s":{"0":2},"f":{},"b":{},"_coverageSchema":"43e27e138ebf9cfc5966b082cf9a028302ed4184","hash":"f868645ecf004583c6e7febee77ad78dc0757482"}
,"/Users/adryo/workspace/mum/mpp/TwitterClone/twitter-clone-client/src/redux/actions/tweets.js": {"path":"/Users/adryo/workspace/mum/mpp/TwitterClone/twitter-clone-client/src/redux/actions/tweets.js","statementMap":{"0":{"start":{"line":3,"column":25},"end":{"line":3,"column":68}},"1":{"start":{"line":3,"column":32},"end":{"line":3,"column":67}},"2":{"start":{"line":5,"column":32},"end":{"line":5,"column":83}},"3":{"start":{"line":5,"column":39},"end":{"line":5,"column":82}},"4":{"start":{"line":7,"column":32},"end":{"line":7,"column":93}},"5":{"start":{"line":7,"column":43},"end":{"line":7,"column":92}},"6":{"start":{"line":9,"column":29},"end":{"line":9,"column":89}},"7":{"start":{"line":9,"column":41},"end":{"line":9,"column":88}},"8":{"start":{"line":11,"column":28},"end":{"line":11,"column":92}},"9":{"start":{"line":11,"column":43},"end":{"line":11,"column":91}},"10":{"start":{"line":13,"column":35},"end":{"line":13,"column":89}},"11":{"start":{"line":13,"column":42},"end":{"line":13,"column":88}},"12":{"start":{"line":15,"column":35},"end":{"line":15,"column":99}},"13":{"start":{"line":15,"column":46},"end":{"line":15,"column":98}},"14":{"start":{"line":17,"column":32},"end":{"line":17,"column":95}},"15":{"start":{"line":17,"column":44},"end":{"line":17,"column":94}}},"fnMap":{"0":{"name":"(anonymous_0)","decl":{"start":{"line":3,"column":25},"end":{"line":3,"column":26}},"loc":{"start":{"line":3,"column":32},"end":{"line":3,"column":67}},"line":3},"1":{"name":"(anonymous_1)","decl":{"start":{"line":5,"column":32},"end":{"line":5,"column":33}},"loc":{"start":{"line":5,"column":39},"end":{"line":5,"column":82}},"line":5},"2":{"name":"(anonymous_2)","decl":{"start":{"line":7,"column":32},"end":{"line":7,"column":33}},"loc":{"start":{"line":7,"column":43},"end":{"line":7,"column":92}},"line":7},"3":{"name":"(anonymous_3)","decl":{"start":{"line":9,"column":29},"end":{"line":9,"column":30}},"loc":{"start":{"line":9,"column":41},"end":{"line":9,"column":88}},"line":9},"4":{"name":"(anonymous_4)","decl":{"start":{"line":11,"column":28},"end":{"line":11,"column":29}},"loc":{"start":{"line":11,"column":43},"end":{"line":11,"column":91}},"line":11},"5":{"name":"(anonymous_5)","decl":{"start":{"line":13,"column":35},"end":{"line":13,"column":36}},"loc":{"start":{"line":13,"column":42},"end":{"line":13,"column":88}},"line":13},"6":{"name":"(anonymous_6)","decl":{"start":{"line":15,"column":35},"end":{"line":15,"column":36}},"loc":{"start":{"line":15,"column":46},"end":{"line":15,"column":98}},"line":15},"7":{"name":"(anonymous_7)","decl":{"start":{"line":17,"column":32},"end":{"line":17,"column":33}},"loc":{"start":{"line":17,"column":44},"end":{"line":17,"column":94}},"line":17}},"branchMap":{},"s":{"0":5,"1":1,"2":5,"3":2,"4":5,"5":2,"6":5,"7":2,"8":5,"9":1,"10":5,"11":2,"12":5,"13":2,"14":5,"15":2},"f":{"0":1,"1":2,"2":2,"3":2,"4":1,"5":2,"6":2,"7":2},"b":{},"_coverageSchema":"43e27e138ebf9cfc5966b082cf9a028302ed4184","hash":"19d29ac6dcb70ee1711f1ebc96d1daa286dd1f9d"}
,"/Users/adryo/workspace/mum/mpp/TwitterClone/twitter-clone-client/src/redux/actions/user.js": {"path":"/Users/adryo/workspace/mum/mpp/TwitterClone/twitter-clone-client/src/redux/actions/user.js","statementMap":{"0":{"start":{"line":3,"column":28},"end":{"line":3,"column":73}},"1":{"start":{"line":3,"column":35},"end":{"line":3,"column":72}},"2":{"start":{"line":5,"column":28},"end":{"line":5,"column":114}},"3":{"start":{"line":5,"column":50},"end":{"line":5,"column":113}},"4":{"start":{"line":7,"column":25},"end":{"line":7,"column":79}},"5":{"start":{"line":7,"column":37},"end":{"line":7,"column":78}},"6":{"start":{"line":9,"column":29},"end":{"line":9,"column":77}},"7":{"start":{"line":9,"column":36},"end":{"line":9,"column":76}},"8":{"start":{"line":11,"column":29},"end":{"line":11,"column":118}},"9":{"start":{"line":11,"column":51},"end":{"line":11,"column":117}},"10":{"start":{"line":13,"column":28},"end":{"line":13,"column":85}},"11":{"start":{"line":13,"column":40},"end":{"line":13,"column":84}},"12":{"start":{"line":15,"column":22},"end":{"line":15,"column":68}},"13":{"start":{"line":15,"column":29},"end":{"line":15,"column":67}},"14":{"start":{"line":17,"column":29},"end":{"line":17,"column":75}},"15":{"start":{"line":17,"column":36},"end":{"line":17,"column":74}},"16":{"start":{"line":19,"column":29},"end":{"line":19,"column":85}},"17":{"start":{"line":19,"column":40},"end":{"line":19,"column":84}},"18":{"start":{"line":21,"column":26},"end":{"line":21,"column":81}},"19":{"start":{"line":21,"column":38},"end":{"line":21,"column":80}}},"fnMap":{"0":{"name":"(anonymous_0)","decl":{"start":{"line":3,"column":28},"end":{"line":3,"column":29}},"loc":{"start":{"line":3,"column":35},"end":{"line":3,"column":72}},"line":3},"1":{"name":"(anonymous_1)","decl":{"start":{"line":5,"column":28},"end":{"line":5,"column":29}},"loc":{"start":{"line":5,"column":50},"end":{"line":5,"column":113}},"line":5},"2":{"name":"(anonymous_2)","decl":{"start":{"line":7,"column":25},"end":{"line":7,"column":26}},"loc":{"start":{"line":7,"column":37},"end":{"line":7,"column":78}},"line":7},"3":{"name":"(anonymous_3)","decl":{"start":{"line":9,"column":29},"end":{"line":9,"column":30}},"loc":{"start":{"line":9,"column":36},"end":{"line":9,"column":76}},"line":9},"4":{"name":"(anonymous_4)","decl":{"start":{"line":11,"column":29},"end":{"line":11,"column":30}},"loc":{"start":{"line":11,"column":51},"end":{"line":11,"column":117}},"line":11},"5":{"name":"(anonymous_5)","decl":{"start":{"line":13,"column":28},"end":{"line":13,"column":29}},"loc":{"start":{"line":13,"column":40},"end":{"line":13,"column":84}},"line":13},"6":{"name":"(anonymous_6)","decl":{"start":{"line":15,"column":22},"end":{"line":15,"column":23}},"loc":{"start":{"line":15,"column":29},"end":{"line":15,"column":67}},"line":15},"7":{"name":"(anonymous_7)","decl":{"start":{"line":17,"column":29},"end":{"line":17,"column":30}},"loc":{"start":{"line":17,"column":36},"end":{"line":17,"column":74}},"line":17},"8":{"name":"(anonymous_8)","decl":{"start":{"line":19,"column":29},"end":{"line":19,"column":30}},"loc":{"start":{"line":19,"column":40},"end":{"line":19,"column":84}},"line":19},"9":{"name":"(anonymous_9)","decl":{"start":{"line":21,"column":26},"end":{"line":21,"column":27}},"loc":{"start":{"line":21,"column":38},"end":{"line":21,"column":80}},"line":21}},"branchMap":{},"s":{"0":2,"1":1,"2":2,"3":1,"4":2,"5":1,"6":2,"7":1,"8":2,"9":1,"10":2,"11":1,"12":2,"13":0,"14":2,"15":1,"16":2,"17":1,"18":2,"19":1},"f":{"0":1,"1":1,"2":1,"3":1,"4":1,"5":1,"6":0,"7":1,"8":1,"9":1},"b":{},"_coverageSchema":"43e27e138ebf9cfc5966b082cf9a028302ed4184","hash":"c6444c33dc0ffea74f0865da7592414822e9229d"}
,"/Users/adryo/workspace/mum/mpp/TwitterClone/twitter-clone-client/src/redux/constants/tweets.js": {"path":"/Users/adryo/workspace/mum/mpp/TwitterClone/twitter-clone-client/src/redux/constants/tweets.js","statementMap":{},"fnMap":{},"branchMap":{},"s":{},"f":{},"b":{},"_coverageSchema":"43e27e138ebf9cfc5966b082cf9a028302ed4184","hash":"0ed94ae705e5869d733433fbeb635ed0bee07065"}
,"/Users/adryo/workspace/mum/mpp/TwitterClone/twitter-clone-client/src/redux/constants/user.js": {"path":"/Users/adryo/workspace/mum/mpp/TwitterClone/twitter-clone-client/src/redux/constants/user.js","statementMap":{},"fnMap":{},"branchMap":{},"s":{},"f":{},"b":{},"_coverageSchema":"43e27e138ebf9cfc5966b082cf9a028302ed4184","hash":"6465ea834ca4599d81398ceacbade479243a1262"}
,"/Users/adryo/workspace/mum/mpp/TwitterClone/twitter-clone-client/src/redux/reducers/index.js": {"path":"/Users/adryo/workspace/mum/mpp/TwitterClone/twitter-clone-client/src/redux/reducers/index.js","statementMap":{"0":{"start":{"line":5,"column":19},"end":{"line":8,"column":2}},"1":{"start":{"line":11,"column":4},"end":{"line":11,"column":37}}},"fnMap":{"0":{"name":"(anonymous_0)","decl":{"start":{"line":10,"column":15},"end":{"line":10,"column":16}},"loc":{"start":{"line":10,"column":34},"end":{"line":12,"column":1}},"line":10}},"branchMap":{},"s":{"0":1,"1":2},"f":{"0":2},"b":{},"_coverageSchema":"43e27e138ebf9cfc5966b082cf9a028302ed4184","hash":"c4096a66a2e79319d0b9f009696d7dd27f22e491"}
,"/Users/adryo/workspace/mum/mpp/TwitterClone/twitter-clone-client/src/redux/reducers/tweets.js": {"path":"/Users/adryo/workspace/mum/mpp/TwitterClone/twitter-clone-client/src/redux/reducers/tweets.js","statementMap":{"0":{"start":{"line":3,"column":21},"end":{"line":7,"column":1}},"1":{"start":{"line":10,"column":4},"end":{"line":25,"column":5}},"2":{"start":{"line":12,"column":12},"end":{"line":12,"column":65}},"3":{"start":{"line":14,"column":12},"end":{"line":14,"column":89}},"4":{"start":{"line":16,"column":12},"end":{"line":16,"column":69}},"5":{"start":{"line":18,"column":12},"end":{"line":18,"column":74}},"6":{"start":{"line":20,"column":12},"end":{"line":20,"column":74}},"7":{"start":{"line":22,"column":16},"end":{"line":22,"column":73}},"8":{"start":{"line":24,"column":12},"end":{"line":24,"column":25}}},"fnMap":{"0":{"name":"(anonymous_0)","decl":{"start":{"line":9,"column":15},"end":{"line":9,"column":16}},"loc":{"start":{"line":9,"column":49},"end":{"line":26,"column":1}},"line":9}},"branchMap":{"0":{"loc":{"start":{"line":9,"column":16},"end":{"line":9,"column":36}},"type":"default-arg","locations":[{"start":{"line":9,"column":24},"end":{"line":9,"column":36}}],"line":9},"1":{"loc":{"start":{"line":10,"column":4},"end":{"line":25,"column":5}},"type":"switch","locations":[{"start":{"line":11,"column":8},"end":{"line":12,"column":65}},{"start":{"line":13,"column":8},"end":{"line":14,"column":89}},{"start":{"line":15,"column":8},"end":{"line":16,"column":69}},{"start":{"line":17,"column":8},"end":{"line":18,"column":74}},{"start":{"line":19,"column":8},"end":{"line":20,"column":74}},{"start":{"line":21,"column":8},"end":{"line":22,"column":73}},{"start":{"line":23,"column":8},"end":{"line":24,"column":25}}],"line":10}},"s":{"0":2,"1":11,"2":1,"3":1,"4":1,"5":1,"6":1,"7":1,"8":5},"f":{"0":11},"b":{"0":[4],"1":[1,1,1,1,1,1,5]},"_coverageSchema":"43e27e138ebf9cfc5966b082cf9a028302ed4184","hash":"6f8e7cc3840416f0f3f30a9bb3d8dc7ab588cdd7"}
,"/Users/adryo/workspace/mum/mpp/TwitterClone/twitter-clone-client/src/redux/reducers/user.js": {"path":"/Users/adryo/workspace/mum/mpp/TwitterClone/twitter-clone-client/src/redux/reducers/user.js","statementMap":{"0":{"start":{"line":3,"column":28},"end":{"line":11,"column":1}},"1":{"start":{"line":20,"column":2},"end":{"line":41,"column":3}},"2":{"start":{"line":22,"column":6},"end":{"line":22,"column":41}},"3":{"start":{"line":24,"column":6},"end":{"line":24,"column":58}},"4":{"start":{"line":26,"column":6},"end":{"line":26,"column":63}},"5":{"start":{"line":28,"column":6},"end":{"line":28,"column":41}},"6":{"start":{"line":30,"column":6},"end":{"line":30,"column":58}},"7":{"start":{"line":32,"column":6},"end":{"line":32,"column":63}},"8":{"start":{"line":34,"column":6},"end":{"line":34,"column":41}},"9":{"start":{"line":36,"column":6},"end":{"line":36,"column":58}},"10":{"start":{"line":38,"column":6},"end":{"line":38,"column":63}},"11":{"start":{"line":40,"column":6},"end":{"line":40,"column":19}}},"fnMap":{"0":{"name":"(anonymous_0)","decl":{"start":{"line":19,"column":15},"end":{"line":19,"column":16}},"loc":{"start":{"line":19,"column":49},"end":{"line":42,"column":1}},"line":19}},"branchMap":{"0":{"loc":{"start":{"line":19,"column":16},"end":{"line":19,"column":36}},"type":"default-arg","locations":[{"start":{"line":19,"column":24},"end":{"line":19,"column":36}}],"line":19},"1":{"loc":{"start":{"line":20,"column":2},"end":{"line":41,"column":3}},"type":"switch","locations":[{"start":{"line":21,"column":4},"end":{"line":22,"column":41}},{"start":{"line":23,"column":4},"end":{"line":24,"column":58}},{"start":{"line":25,"column":4},"end":{"line":26,"column":63}},{"start":{"line":27,"column":4},"end":{"line":28,"column":41}},{"start":{"line":29,"column":4},"end":{"line":30,"column":58}},{"start":{"line":31,"column":4},"end":{"line":32,"column":63}},{"start":{"line":33,"column":4},"end":{"line":34,"column":41}},{"start":{"line":35,"column":4},"end":{"line":36,"column":58}},{"start":{"line":37,"column":4},"end":{"line":38,"column":63}},{"start":{"line":39,"column":4},"end":{"line":40,"column":19}}],"line":20}},"s":{"0":2,"1":14,"2":1,"3":1,"4":1,"5":1,"6":1,"7":1,"8":1,"9":1,"10":1,"11":5},"f":{"0":14},"b":{"0":[4],"1":[1,1,1,1,1,1,1,1,1,5]},"_coverageSchema":"43e27e138ebf9cfc5966b082cf9a028302ed4184","hash":"ccb50f9febe8e84ac7da122f1b11c374a90b56b9"}
,"/Users/adryo/workspace/mum/mpp/TwitterClone/twitter-clone-client/src/redux/sagas/index.js": {"path":"/Users/adryo/workspace/mum/mpp/TwitterClone/twitter-clone-client/src/redux/sagas/index.js","statementMap":{"0":{"start":{"line":6,"column":4},"end":{"line":9,"column":6}}},"fnMap":{"0":{"name":"rootSaga","decl":{"start":{"line":5,"column":25},"end":{"line":5,"column":33}},"loc":{"start":{"line":5,"column":36},"end":{"line":10,"column":3}},"line":5}},"branchMap":{},"s":{"0":1},"f":{"0":1},"b":{},"_coverageSchema":"43e27e138ebf9cfc5966b082cf9a028302ed4184","hash":"0bacfea059bd11502ecc2dd4a262566bce85dff2"}
,"/Users/adryo/workspace/mum/mpp/TwitterClone/twitter-clone-client/src/redux/sagas/tweets.js": {"path":"/Users/adryo/workspace/mum/mpp/TwitterClone/twitter-clone-client/src/redux/sagas/tweets.js","statementMap":{"0":{"start":{"line":8,"column":4},"end":{"line":8,"column":34}},"1":{"start":{"line":9,"column":4},"end":{"line":20,"column":5}},"2":{"start":{"line":10,"column":21},"end":{"line":10,"column":59}},"3":{"start":{"line":12,"column":8},"end":{"line":12,"column":101}},"4":{"start":{"line":12,"column":59},"end":{"line":12,"column":97}},"5":{"start":{"line":14,"column":27},"end":{"line":14,"column":56}},"6":{"start":{"line":15,"column":8},"end":{"line":17,"column":9}},"7":{"start":{"line":16,"column":12},"end":{"line":16,"column":41}},"8":{"start":{"line":19,"column":8},"end":{"line":19,"column":47}},"9":{"start":{"line":24,"column":4},"end":{"line":24,"column":37}},"10":{"start":{"line":25,"column":4},"end":{"line":38,"column":5}},"11":{"start":{"line":26,"column":21},"end":{"line":26,"column":73}},"12":{"start":{"line":27,"column":8},"end":{"line":27,"column":104}},"13":{"start":{"line":27,"column":62},"end":{"line":27,"column":100}},"14":{"start":{"line":30,"column":27},"end":{"line":30,"column":56}},"15":{"start":{"line":31,"column":8},"end":{"line":35,"column":9}},"16":{"start":{"line":32,"column":12},"end":{"line":32,"column":71}},"17":{"start":{"line":33,"column":15},"end":{"line":35,"column":9}},"18":{"start":{"line":34,"column":12},"end":{"line":34,"column":41}},"19":{"start":{"line":37,"column":8},"end":{"line":37,"column":50}}},"fnMap":{"0":{"name":"items","decl":{"start":{"line":7,"column":17},"end":{"line":7,"column":22}},"loc":{"start":{"line":7,"column":31},"end":{"line":21,"column":1}},"line":7},"1":{"name":"(anonymous_1)","decl":{"start":{"line":12,"column":44},"end":{"line":12,"column":45}},"loc":{"start":{"line":12,"column":59},"end":{"line":12,"column":97}},"line":12},"2":{"name":"searchItems","decl":{"start":{"line":23,"column":17},"end":{"line":23,"column":28}},"loc":{"start":{"line":23,"column":37},"end":{"line":39,"column":1}},"line":23},"3":{"name":"(anonymous_3)","decl":{"start":{"line":27,"column":47},"end":{"line":27,"column":48}},"loc":{"start":{"line":27,"column":62},"end":{"line":27,"column":100}},"line":27}},"branchMap":{"0":{"loc":{"start":{"line":12,"column":59},"end":{"line":12,"column":97}},"type":"cond-expr","locations":[{"start":{"line":12,"column":70},"end":{"line":12,"column":90}},{"start":{"line":12,"column":93},"end":{"line":12,"column":97}}],"line":12},"1":{"loc":{"start":{"line":15,"column":8},"end":{"line":17,"column":9}},"type":"if","locations":[{"start":{"line":15,"column":8},"end":{"line":17,"column":9}},{"start":{"line":15,"column":8},"end":{"line":17,"column":9}}],"line":15},"2":{"loc":{"start":{"line":15,"column":12},"end":{"line":15,"column":34}},"type":"binary-expr","locations":[{"start":{"line":15,"column":12},"end":{"line":15,"column":17}},{"start":{"line":15,"column":21},"end":{"line":15,"column":34}}],"line":15},"3":{"loc":{"start":{"line":27,"column":62},"end":{"line":27,"column":100}},"type":"cond-expr","locations":[{"start":{"line":27,"column":73},"end":{"line":27,"column":93}},{"start":{"line":27,"column":96},"end":{"line":27,"column":100}}],"line":27},"4":{"loc":{"start":{"line":31,"column":8},"end":{"line":35,"column":9}},"type":"if","locations":[{"start":{"line":31,"column":8},"end":{"line":35,"column":9}},{"start":{"line":31,"column":8},"end":{"line":35,"column":9}}],"line":31},"5":{"loc":{"start":{"line":33,"column":15},"end":{"line":35,"column":9}},"type":"if","locations":[{"start":{"line":33,"column":15},"end":{"line":35,"column":9}},{"start":{"line":33,"column":15},"end":{"line":35,"column":9}}],"line":33},"6":{"loc":{"start":{"line":33,"column":19},"end":{"line":33,"column":41}},"type":"binary-expr","locations":[{"start":{"line":33,"column":19},"end":{"line":33,"column":24}},{"start":{"line":33,"column":28},"end":{"line":33,"column":41}}],"line":33}},"s":{"0":0,"1":0,"2":0,"3":0,"4":0,"5":0,"6":0,"7":0,"8":0,"9":0,"10":0,"11":0,"12":0,"13":0,"14":0,"15":0,"16":0,"17":0,"18":0,"19":0},"f":{"0":0,"1":0,"2":0,"3":0},"b":{"0":[0,0],"1":[0,0],"2":[0,0],"3":[0,0],"4":[0,0],"5":[0,0],"6":[0,0]},"_coverageSchema":"43e27e138ebf9cfc5966b082cf9a028302ed4184","hash":"ee348873c23eceffb6a3f0d2ae0435243c455bbe"}
,"/Users/adryo/workspace/mum/mpp/TwitterClone/twitter-clone-client/src/redux/sagas/user.js": {"path":"/Users/adryo/workspace/mum/mpp/TwitterClone/twitter-clone-client/src/redux/sagas/user.js","statementMap":{"0":{"start":{"line":7,"column":4},"end":{"line":7,"column":42}},"1":{"start":{"line":8,"column":4},"end":{"line":22,"column":5}},"2":{"start":{"line":9,"column":21},"end":{"line":12,"column":10}},"3":{"start":{"line":14,"column":8},"end":{"line":14,"column":82}},"4":{"start":{"line":16,"column":27},"end":{"line":16,"column":74}},"5":{"start":{"line":17,"column":8},"end":{"line":19,"column":9}},"6":{"start":{"line":18,"column":12},"end":{"line":18,"column":40}},"7":{"start":{"line":21,"column":8},"end":{"line":21,"column":43}},"8":{"start":{"line":26,"column":4},"end":{"line":26,"column":43}},"9":{"start":{"line":27,"column":4},"end":{"line":42,"column":5}},"10":{"start":{"line":28,"column":21},"end":{"line":32,"column":10}},"11":{"start":{"line":34,"column":8},"end":{"line":34,"column":83}},"12":{"start":{"line":36,"column":27},"end":{"line":36,"column":86}},"13":{"start":{"line":37,"column":8},"end":{"line":39,"column":9}},"14":{"start":{"line":38,"column":12},"end":{"line":38,"column":40}},"15":{"start":{"line":41,"column":8},"end":{"line":41,"column":58}},"16":{"start":{"line":46,"column":4},"end":{"line":46,"column":36}},"17":{"start":{"line":50,"column":4},"end":{"line":50,"column":42}},"18":{"start":{"line":51,"column":4},"end":{"line":62,"column":5}},"19":{"start":{"line":52,"column":21},"end":{"line":54,"column":10}},"20":{"start":{"line":55,"column":8},"end":{"line":55,"column":50}},"21":{"start":{"line":57,"column":27},"end":{"line":57,"column":49}},"22":{"start":{"line":58,"column":8},"end":{"line":60,"column":9}},"23":{"start":{"line":59,"column":12},"end":{"line":59,"column":40}},"24":{"start":{"line":61,"column":8},"end":{"line":61,"column":55}}},"fnMap":{"0":{"name":"login","decl":{"start":{"line":6,"column":10},"end":{"line":6,"column":15}},"loc":{"start":{"line":6,"column":24},"end":{"line":23,"column":1}},"line":6},"1":{"name":"register","decl":{"start":{"line":25,"column":10},"end":{"line":25,"column":18}},"loc":{"start":{"line":25,"column":27},"end":{"line":43,"column":1}},"line":25},"2":{"name":"logout","decl":{"start":{"line":45,"column":10},"end":{"line":45,"column":16}},"loc":{"start":{"line":45,"column":19},"end":{"line":47,"column":1}},"line":45},"3":{"name":"updateSelf","decl":{"start":{"line":49,"column":10},"end":{"line":49,"column":20}},"loc":{"start":{"line":49,"column":29},"end":{"line":63,"column":1}},"line":49}},"branchMap":{"0":{"loc":{"start":{"line":17,"column":8},"end":{"line":19,"column":9}},"type":"if","locations":[{"start":{"line":17,"column":8},"end":{"line":19,"column":9}},{"start":{"line":17,"column":8},"end":{"line":19,"column":9}}],"line":17},"1":{"loc":{"start":{"line":17,"column":12},"end":{"line":17,"column":34}},"type":"binary-expr","locations":[{"start":{"line":17,"column":12},"end":{"line":17,"column":17}},{"start":{"line":17,"column":21},"end":{"line":17,"column":34}}],"line":17},"2":{"loc":{"start":{"line":37,"column":8},"end":{"line":39,"column":9}},"type":"if","locations":[{"start":{"line":37,"column":8},"end":{"line":39,"column":9}},{"start":{"line":37,"column":8},"end":{"line":39,"column":9}}],"line":37},"3":{"loc":{"start":{"line":37,"column":12},"end":{"line":37,"column":34}},"type":"binary-expr","locations":[{"start":{"line":37,"column":12},"end":{"line":37,"column":17}},{"start":{"line":37,"column":21},"end":{"line":37,"column":34}}],"line":37},"4":{"loc":{"start":{"line":58,"column":8},"end":{"line":60,"column":9}},"type":"if","locations":[{"start":{"line":58,"column":8},"end":{"line":60,"column":9}},{"start":{"line":58,"column":8},"end":{"line":60,"column":9}}],"line":58},"5":{"loc":{"start":{"line":58,"column":12},"end":{"line":58,"column":34}},"type":"binary-expr","locations":[{"start":{"line":58,"column":12},"end":{"line":58,"column":17}},{"start":{"line":58,"column":21},"end":{"line":58,"column":34}}],"line":58}},"s":{"0":0,"1":0,"2":0,"3":0,"4":0,"5":0,"6":0,"7":0,"8":0,"9":0,"10":0,"11":0,"12":0,"13":0,"14":0,"15":0,"16":0,"17":0,"18":0,"19":0,"20":0,"21":0,"22":0,"23":0,"24":0},"f":{"0":0,"1":0,"2":0,"3":0},"b":{"0":[0,0],"1":[0,0],"2":[0,0],"3":[0,0],"4":[0,0],"5":[0,0]},"_coverageSchema":"43e27e138ebf9cfc5966b082cf9a028302ed4184","hash":"faeedee01ff2ef46955d3a21127b0dee00974ebd"}
,"/Users/adryo/workspace/mum/mpp/TwitterClone/twitter-clone-client/src/redux/services/tweet.service.js": {"path":"/Users/adryo/workspace/mum/mpp/TwitterClone/twitter-clone-client/src/redux/services/tweet.service.js","statementMap":{"0":{"start":{"line":5,"column":4},"end":{"line":5,"column":23}},"1":{"start":{"line":9,"column":4},"end":{"line":9,"column":38}},"2":{"start":{"line":13,"column":4},"end":{"line":13,"column":38}}},"fnMap":{"0":{"name":"(anonymous_0)","decl":{"start":{"line":4,"column":2},"end":{"line":4,"column":3}},"loc":{"start":{"line":4,"column":15},"end":{"line":6,"column":3}},"line":4},"1":{"name":"(anonymous_1)","decl":{"start":{"line":7,"column":2},"end":{"line":7,"column":3}},"loc":{"start":{"line":7,"column":19},"end":{"line":10,"column":3}},"line":7},"2":{"name":"(anonymous_2)","decl":{"start":{"line":12,"column":2},"end":{"line":12,"column":3}},"loc":{"start":{"line":12,"column":24},"end":{"line":14,"column":3}},"line":12}},"branchMap":{},"s":{"0":2,"1":0,"2":0},"f":{"0":2,"1":0,"2":0},"b":{},"_coverageSchema":"43e27e138ebf9cfc5966b082cf9a028302ed4184","hash":"eb754bbc7eec97defd3c238b899aa5da02902969"}
,"/Users/adryo/workspace/mum/mpp/TwitterClone/twitter-clone-client/src/redux/services/tweet.service.mock.js": {"path":"/Users/adryo/workspace/mum/mpp/TwitterClone/twitter-clone-client/src/redux/services/tweet.service.mock.js","statementMap":{"0":{"start":{"line":7,"column":22},"end":{"line":7,"column":25}},"1":{"start":{"line":8,"column":13},"end":{"line":8,"column":52}},"2":{"start":{"line":12,"column":4},"end":{"line":14,"column":7}},"3":{"start":{"line":16,"column":17},"end":{"line":16,"column":39}},"4":{"start":{"line":18,"column":4},"end":{"line":18,"column":28}},"5":{"start":{"line":22,"column":4},"end":{"line":30,"column":5}},"6":{"start":{"line":24,"column":6},"end":{"line":24,"column":54}},"7":{"start":{"line":25,"column":6},"end":{"line":27,"column":9}},"8":{"start":{"line":26,"column":37},"end":{"line":26,"column":97}},"9":{"start":{"line":29,"column":6},"end":{"line":29,"column":95}},"10":{"start":{"line":32,"column":17},"end":{"line":32,"column":45}},"11":{"start":{"line":33,"column":4},"end":{"line":33,"column":39}},"12":{"start":{"line":34,"column":4},"end":{"line":34,"column":28}}},"fnMap":{"0":{"name":"(anonymous_0)","decl":{"start":{"line":11,"column":2},"end":{"line":11,"column":3}},"loc":{"start":{"line":11,"column":20},"end":{"line":19,"column":3}},"line":11},"1":{"name":"(anonymous_1)","decl":{"start":{"line":21,"column":2},"end":{"line":21,"column":3}},"loc":{"start":{"line":21,"column":25},"end":{"line":35,"column":3}},"line":21},"2":{"name":"(anonymous_2)","decl":{"start":{"line":26,"column":29},"end":{"line":26,"column":30}},"loc":{"start":{"line":26,"column":37},"end":{"line":26,"column":97}},"line":26}},"branchMap":{"0":{"loc":{"start":{"line":22,"column":4},"end":{"line":30,"column":5}},"type":"if","locations":[{"start":{"line":22,"column":4},"end":{"line":30,"column":5}},{"start":{"line":22,"column":4},"end":{"line":30,"column":5}}],"line":22},"1":{"loc":{"start":{"line":22,"column":8},"end":{"line":22,"column":82}},"type":"binary-expr","locations":[{"start":{"line":22,"column":8},"end":{"line":22,"column":16}},{"start":{"line":22,"column":20},"end":{"line":22,"column":49}},{"start":{"line":22,"column":53},"end":{"line":22,"column":82}}],"line":22},"2":{"loc":{"start":{"line":26,"column":37},"end":{"line":26,"column":97}},"type":"binary-expr","locations":[{"start":{"line":26,"column":37},"end":{"line":26,"column":65}},{"start":{"line":26,"column":69},"end":{"line":26,"column":97}}],"line":26}},"s":{"0":1,"1":1,"2":0,"3":0,"4":0,"5":0,"6":0,"7":0,"8":0,"9":0,"10":0,"11":0,"12":0},"f":{"0":0,"1":0,"2":0},"b":{"0":[0,0],"1":[0,0,0],"2":[0,0]},"_coverageSchema":"43e27e138ebf9cfc5966b082cf9a028302ed4184","hash":"eeae2029e8db139c955b58a6c88654319d64da27"}
,"/Users/adryo/workspace/mum/mpp/TwitterClone/twitter-clone-client/src/redux/services/user.service.js": {"path":"/Users/adryo/workspace/mum/mpp/TwitterClone/twitter-clone-client/src/redux/services/user.service.js","statementMap":{},"fnMap":{"0":{"name":"(anonymous_0)","decl":{"start":{"line":3,"column":12},"end":{"line":3,"column":13}},"loc":{"start":{"line":3,"column":46},"end":{"line":5,"column":5}},"line":3},"1":{"name":"(anonymous_1)","decl":{"start":{"line":6,"column":12},"end":{"line":6,"column":13}},"loc":{"start":{"line":6,"column":46},"end":{"line":8,"column":5}},"line":6},"2":{"name":"(anonymous_2)","decl":{"start":{"line":9,"column":20},"end":{"line":9,"column":21}},"loc":{"start":{"line":9,"column":44},"end":{"line":11,"column":5}},"line":9},"3":{"name":"(anonymous_3)","decl":{"start":{"line":12,"column":19},"end":{"line":12,"column":20}},"loc":{"start":{"line":12,"column":69},"end":{"line":14,"column":5}},"line":12},"4":{"name":"(anonymous_4)","decl":{"start":{"line":15,"column":12},"end":{"line":15,"column":13}},"loc":{"start":{"line":15,"column":28},"end":{"line":17,"column":5}},"line":15}},"branchMap":{},"s":{},"f":{"0":0,"1":0,"2":0,"3":0,"4":0},"b":{},"_coverageSchema":"43e27e138ebf9cfc5966b082cf9a028302ed4184","hash":"cbbe815fb82205eb3f6e71caafdee85ae5cb0b19"}
,"/Users/adryo/workspace/mum/mpp/TwitterClone/twitter-clone-client/src/redux/store/index.js": {"path":"/Users/adryo/workspace/mum/mpp/TwitterClone/twitter-clone-client/src/redux/store/index.js","statementMap":{"0":{"start":{"line":8,"column":22},"end":{"line":12,"column":1}},"1":{"start":{"line":14,"column":25},"end":{"line":14,"column":63}},"2":{"start":{"line":16,"column":30},"end":{"line":16,"column":52}},"3":{"start":{"line":17,"column":21},"end":{"line":20,"column":1}},"4":{"start":{"line":23,"column":18},"end":{"line":23,"column":23}},"5":{"start":{"line":24,"column":18},"end":{"line":24,"column":34}},"6":{"start":{"line":25,"column":27},"end":{"line":25,"column":41}}},"fnMap":{"0":{"name":"(anonymous_0)","decl":{"start":{"line":23,"column":12},"end":{"line":23,"column":13}},"loc":{"start":{"line":23,"column":18},"end":{"line":23,"column":23}},"line":23},"1":{"name":"(anonymous_1)","decl":{"start":{"line":24,"column":12},"end":{"line":24,"column":13}},"loc":{"start":{"line":24,"column":18},"end":{"line":24,"column":34}},"line":24},"2":{"name":"(anonymous_2)","decl":{"start":{"line":25,"column":21},"end":{"line":25,"column":22}},"loc":{"start":{"line":25,"column":27},"end":{"line":25,"column":41}},"line":25}},"branchMap":{},"s":{"0":1,"1":1,"2":1,"3":1,"4":3,"5":0,"6":1},"f":{"0":3,"1":0,"2":1},"b":{},"_coverageSchema":"43e27e138ebf9cfc5966b082cf9a028302ed4184","hash":"26a24db9d406901de0afc2d8ec2a825feb3a7f42"}
,"/Users/adryo/workspace/mum/mpp/TwitterClone/twitter-clone-client/src/redux/store/storage.js": {"path":"/Users/adryo/workspace/mum/mpp/TwitterClone/twitter-clone-client/src/redux/store/storage.js","statementMap":{"0":{"start":{"line":3,"column":16},"end":{"line":3,"column":28}}},"fnMap":{},"branchMap":{},"s":{"0":1},"f":{},"b":{},"_coverageSchema":"43e27e138ebf9cfc5966b082cf9a028302ed4184","hash":"c5fd1fa4058d492310c55bb40c8d35b2f4a97015"}
,"/Users/adryo/workspace/mum/mpp/TwitterClone/twitter-clone-client/src/screens/profile/ProfileScreen.js": {"path":"/Users/adryo/workspace/mum/mpp/TwitterClone/twitter-clone-client/src/screens/profile/ProfileScreen.js","statementMap":{"0":{"start":{"line":11,"column":19},"end":{"line":15,"column":1}},"1":{"start":{"line":12,"column":4},"end":{"line":14,"column":11}},"2":{"start":{"line":17,"column":20},"end":{"line":19,"column":1}},"3":{"start":{"line":18,"column":4},"end":{"line":18,"column":35}},"4":{"start":{"line":23,"column":25},"end":{"line":23,"column":35}},"5":{"start":{"line":24,"column":8},"end":{"line":33,"column":9}},"6":{"start":{"line":25,"column":12},"end":{"line":32,"column":14}},"7":{"start":{"line":35,"column":8},"end":{"line":49,"column":10}},"8":{"start":{"line":52,"column":94},"end":{"line":52,"column":104}},"9":{"start":{"line":53,"column":8},"end":{"line":94,"column":10}},"10":{"start":{"line":98,"column":0},"end":{"line":101,"column":2}},"11":{"start":{"line":99,"column":22},"end":{"line":99,"column":84}},"12":{"start":{"line":100,"column":33},"end":{"line":100,"column":123}},"13":{"start":{"line":103,"column":15},"end":{"line":134,"column":2}},"14":{"start":{"line":136,"column":38},"end":{"line":136,"column":83}}},"fnMap":{"0":{"name":"(anonymous_0)","decl":{"start":{"line":11,"column":19},"end":{"line":11,"column":20}},"loc":{"start":{"line":12,"column":4},"end":{"line":14,"column":11}},"line":12},"1":{"name":"(anonymous_1)","decl":{"start":{"line":17,"column":20},"end":{"line":17,"column":21}},"loc":{"start":{"line":18,"column":4},"end":{"line":18,"column":35}},"line":18},"2":{"name":"(anonymous_2)","decl":{"start":{"line":22,"column":4},"end":{"line":22,"column":5}},"loc":{"start":{"line":22,"column":20},"end":{"line":50,"column":5}},"line":22},"3":{"name":"(anonymous_3)","decl":{"start":{"line":51,"column":4},"end":{"line":51,"column":5}},"loc":{"start":{"line":51,"column":13},"end":{"line":95,"column":5}},"line":51},"4":{"name":"(anonymous_4)","decl":{"start":{"line":99,"column":16},"end":{"line":99,"column":17}},"loc":{"start":{"line":99,"column":22},"end":{"line":99,"column":84}},"line":99},"5":{"name":"(anonymous_5)","decl":{"start":{"line":100,"column":16},"end":{"line":100,"column":17}},"loc":{"start":{"line":100,"column":33},"end":{"line":100,"column":123}},"line":100},"6":{"name":"(anonymous_6)","decl":{"start":{"line":136,"column":23},"end":{"line":136,"column":24}},"loc":{"start":{"line":136,"column":38},"end":{"line":136,"column":83}},"line":136}},"branchMap":{"0":{"loc":{"start":{"line":24,"column":8},"end":{"line":33,"column":9}},"type":"if","locations":[{"start":{"line":24,"column":8},"end":{"line":33,"column":9}},{"start":{"line":24,"column":8},"end":{"line":33,"column":9}}],"line":24},"1":{"loc":{"start":{"line":24,"column":12},"end":{"line":24,"column":30}},"type":"binary-expr","locations":[{"start":{"line":24,"column":12},"end":{"line":24,"column":16}},{"start":{"line":24,"column":20},"end":{"line":24,"column":30}}],"line":24},"2":{"loc":{"start":{"line":57,"column":39},"end":{"line":57,"column":129}},"type":"binary-expr","locations":[{"start":{"line":57,"column":39},"end":{"line":57,"column":49}},{"start":{"line":57,"column":53},"end":{"line":57,"column":129}}],"line":57},"3":{"loc":{"start":{"line":67,"column":32},"end":{"line":67,"column":111}},"type":"binary-expr","locations":[{"start":{"line":67,"column":32},"end":{"line":67,"column":42}},{"start":{"line":67,"column":46},"end":{"line":67,"column":111}}],"line":67},"4":{"loc":{"start":{"line":72,"column":34},"end":{"line":72,"column":52}},"type":"binary-expr","locations":[{"start":{"line":72,"column":34},"end":{"line":72,"column":38}},{"start":{"line":72,"column":42},"end":{"line":72,"column":52}}],"line":72},"5":{"loc":{"start":{"line":73,"column":74},"end":{"line":73,"column":96}},"type":"binary-expr","locations":[{"start":{"line":73,"column":74},"end":{"line":73,"column":82}},{"start":{"line":73,"column":86},"end":{"line":73,"column":96}}],"line":73},"6":{"loc":{"start":{"line":74,"column":70},"end":{"line":74,"column":105}},"type":"binary-expr","locations":[{"start":{"line":74,"column":70},"end":{"line":74,"column":81}},{"start":{"line":74,"column":85},"end":{"line":74,"column":105}}],"line":74},"7":{"loc":{"start":{"line":77,"column":66},"end":{"line":77,"column":80}},"type":"binary-expr","locations":[{"start":{"line":77,"column":66},"end":{"line":77,"column":75}},{"start":{"line":77,"column":79},"end":{"line":77,"column":80}}],"line":77},"8":{"loc":{"start":{"line":81,"column":66},"end":{"line":81,"column":80}},"type":"binary-expr","locations":[{"start":{"line":81,"column":66},"end":{"line":81,"column":75}},{"start":{"line":81,"column":79},"end":{"line":81,"column":80}}],"line":81},"9":{"loc":{"start":{"line":100,"column":69},"end":{"line":100,"column":119}},"type":"cond-expr","locations":[{"start":{"line":100,"column":93},"end":{"line":100,"column":105}},{"start":{"line":100,"column":108},"end":{"line":100,"column":119}}],"line":100}},"s":{"0":1,"1":0,"2":1,"3":0,"4":2,"5":2,"6":1,"7":1,"8":2,"9":2,"10":1,"11":0,"12":0,"13":1,"14":0},"f":{"0":0,"1":0,"2":2,"3":2,"4":0,"5":0,"6":0},"b":{"0":[1,1],"1":[2,1],"2":[2,2],"3":[2,2],"4":[2,2],"5":[2,2],"6":[2,2],"7":[2,2],"8":[2,2],"9":[0,0]},"_coverageSchema":"43e27e138ebf9cfc5966b082cf9a028302ed4184","hash":"c696ba6e9e047d1db8ac379f9cd588235f1100bf"}
}
