TN:
SF:/Users/adryo/workspace/mum/mpp/TwitterClone/twitter-clone-client/App.js
FN:26,App
FN:35,(anonymous_1)
FN:60,loadResourcesAsync
FN:73,handleLoadingError
FN:79,handleFinishLoading
FNF:5
FNH:1
FNDA:2,App
FNDA:0,(anonymous_1)
FNDA:0,loadResourcesAsync
FNDA:0,handleLoadingError
FNDA:0,handleFinishLoading
DA:22,1
DA:24,1
DA:27,2
DA:30,2
DA:31,1
DA:35,0
DA:39,1
DA:47,2
DA:61,0
DA:76,0
DA:80,0
DA:83,1
LF:12
LH:8
BRDA:30,0,0,1
BRDA:30,0,1,1
BRDA:30,1,0,2
BRDA:30,1,1,2
BRDA:41,2,0,1
BRDA:41,2,1,1
BRF:6
BRH:6
end_of_record
TN:
SF:/Users/adryo/workspace/mum/mpp/TwitterClone/twitter-clone-client/src/components/RoundButton.js
FN:3,(anonymous_0)
FNF:1
FNH:1
FNDA:1,(anonymous_0)
DA:3,1
LF:1
LH:1
BRF:0
BRH:0
end_of_record
TN:
SF:/Users/adryo/workspace/mum/mpp/TwitterClone/twitter-clone-client/src/components/StyledText.js
FN:4,MonoText
FNF:1
FNH:1
FNDA:1,MonoText
DA:5,1
LF:1
LH:1
BRF:0
BRH:0
end_of_record
TN:
SF:/Users/adryo/workspace/mum/mpp/TwitterClone/twitter-clone-client/src/components/TabBarIcon.js
FN:6,TabBarIcon
FNF:1
FNH:1
FNDA:2,TabBarIcon
DA:7,2
LF:1
LH:1
BRDA:12,0,0,1
BRDA:12,0,1,1
BRF:2
BRH:2
end_of_record
TN:
SF:/Users/adryo/workspace/mum/mpp/TwitterClone/twitter-clone-client/src/components/TweetCard.js
FN:5,TweetCard
FNF:1
FNH:0
FNDA:0,TweetCard
DA:6,0
DA:54,1
LF:2
LH:1
BRF:0
BRH:0
end_of_record
TN:
SF:/Users/adryo/workspace/mum/mpp/TwitterClone/twitter-clone-client/src/components/TweetList.js
FN:14,(anonymous_0)
FN:22,(anonymous_1)
FN:26,(anonymous_2)
FN:32,(anonymous_3)
FN:41,(anonymous_4)
FN:47,(anonymous_5)
FN:50,(anonymous_6)
FN:58,(anonymous_7)
FN:118,(anonymous_8)
FN:121,(anonymous_9)
FN:122,(anonymous_10)
FNF:11
FNH:7
FNDA:6,(anonymous_0)
FNDA:2,(anonymous_1)
FNDA:1,(anonymous_2)
FNDA:3,(anonymous_3)
FNDA:1,(anonymous_4)
FNDA:1,(anonymous_5)
FNDA:2,(anonymous_6)
FNDA:0,(anonymous_7)
FNDA:0,(anonymous_8)
FNDA:0,(anonymous_9)
FNDA:0,(anonymous_10)
DA:15,6
DA:16,6
DA:23,2
DA:26,6
DA:27,1
DA:32,6
DA:33,3
DA:34,3
DA:41,6
DA:42,1
DA:47,6
DA:48,1
DA:51,2
DA:52,2
DA:53,2
DA:58,0
DA:70,2
DA:118,0
DA:121,0
DA:122,0
LF:20
LH:16
BRDA:34,0,0,2
BRDA:34,0,1,1
BRDA:52,1,0,0
BRDA:52,1,1,2
BRF:4
BRH:3
end_of_record
TN:
SF:/Users/adryo/workspace/mum/mpp/TwitterClone/twitter-clone-client/src/constants/Colors.js
FNF:0
FNH:0
DA:1,2
LF:1
LH:1
BRF:0
BRH:0
end_of_record
TN:
SF:/Users/adryo/workspace/mum/mpp/TwitterClone/twitter-clone-client/src/redux/actions/tweets.js
FN:3,(anonymous_0)
FN:5,(anonymous_1)
FN:7,(anonymous_2)
FN:9,(anonymous_3)
FN:11,(anonymous_4)
FN:13,(anonymous_5)
FN:15,(anonymous_6)
FN:17,(anonymous_7)
FNF:8
FNH:8
FNDA:1,(anonymous_0)
FNDA:2,(anonymous_1)
FNDA:2,(anonymous_2)
FNDA:2,(anonymous_3)
FNDA:1,(anonymous_4)
FNDA:2,(anonymous_5)
FNDA:2,(anonymous_6)
FNDA:2,(anonymous_7)
DA:3,5
DA:5,5
DA:7,5
DA:9,5
DA:11,5
DA:13,5
DA:15,5
DA:17,5
LF:8
LH:8
BRF:0
BRH:0
end_of_record
TN:
SF:/Users/adryo/workspace/mum/mpp/TwitterClone/twitter-clone-client/src/redux/actions/user.js
FN:3,(anonymous_0)
FN:5,(anonymous_1)
FN:7,(anonymous_2)
FN:9,(anonymous_3)
FN:11,(anonymous_4)
FN:13,(anonymous_5)
FN:15,(anonymous_6)
FN:17,(anonymous_7)
FN:19,(anonymous_8)
FN:21,(anonymous_9)
FNF:10
FNH:9
FNDA:1,(anonymous_0)
FNDA:1,(anonymous_1)
FNDA:1,(anonymous_2)
FNDA:1,(anonymous_3)
FNDA:1,(anonymous_4)
FNDA:1,(anonymous_5)
FNDA:0,(anonymous_6)
FNDA:1,(anonymous_7)
FNDA:1,(anonymous_8)
FNDA:1,(anonymous_9)
DA:3,2
DA:5,2
DA:7,2
DA:9,2
DA:11,2
DA:13,2
DA:15,2
DA:17,2
DA:19,2
DA:21,2
LF:10
LH:10
BRF:0
BRH:0
end_of_record
TN:
SF:/Users/adryo/workspace/mum/mpp/TwitterClone/twitter-clone-client/src/redux/constants/tweets.js
FNF:0
FNH:0
LF:0
LH:0
BRF:0
BRH:0
end_of_record
TN:
SF:/Users/adryo/workspace/mum/mpp/TwitterClone/twitter-clone-client/src/redux/constants/user.js
FNF:0
FNH:0
LF:0
LH:0
BRF:0
BRH:0
end_of_record
TN:
SF:/Users/adryo/workspace/mum/mpp/TwitterClone/twitter-clone-client/src/redux/reducers/index.js
FN:10,(anonymous_0)
FNF:1
FNH:1
FNDA:2,(anonymous_0)
DA:5,1
DA:11,2
LF:2
LH:2
BRF:0
BRH:0
end_of_record
TN:
SF:/Users/adryo/workspace/mum/mpp/TwitterClone/twitter-clone-client/src/redux/reducers/tweets.js
FN:9,(anonymous_0)
FNF:1
FNH:1
FNDA:11,(anonymous_0)
DA:3,2
DA:10,11
DA:12,1
DA:14,1
DA:16,1
DA:18,1
DA:20,1
DA:22,1
DA:24,5
LF:9
LH:9
BRDA:9,0,0,4
BRDA:10,1,0,1
BRDA:10,1,1,1
BRDA:10,1,2,1
BRDA:10,1,3,1
BRDA:10,1,4,1
BRDA:10,1,5,1
BRDA:10,1,6,5
BRF:8
BRH:8
end_of_record
TN:
SF:/Users/adryo/workspace/mum/mpp/TwitterClone/twitter-clone-client/src/redux/reducers/user.js
FN:19,(anonymous_0)
FNF:1
FNH:1
FNDA:14,(anonymous_0)
DA:3,2
DA:20,14
DA:22,1
DA:24,1
DA:26,1
DA:28,1
DA:30,1
DA:32,1
DA:34,1
DA:36,1
DA:38,1
DA:40,5
LF:12
LH:12
BRDA:19,0,0,4
BRDA:20,1,0,1
BRDA:20,1,1,1
BRDA:20,1,2,1
BRDA:20,1,3,1
BRDA:20,1,4,1
BRDA:20,1,5,1
BRDA:20,1,6,1
BRDA:20,1,7,1
BRDA:20,1,8,1
BRDA:20,1,9,5
BRF:11
BRH:11
end_of_record
TN:
SF:/Users/adryo/workspace/mum/mpp/TwitterClone/twitter-clone-client/src/redux/sagas/index.js
FN:5,rootSaga
FNF:1
FNH:1
FNDA:1,rootSaga
DA:6,1
LF:1
LH:1
BRF:0
BRH:0
end_of_record
TN:
SF:/Users/adryo/workspace/mum/mpp/TwitterClone/twitter-clone-client/src/redux/sagas/tweets.js
FN:7,items
FN:12,(anonymous_1)
FN:23,searchItems
FN:27,(anonymous_3)
FNF:4
FNH:0
FNDA:0,items
FNDA:0,(anonymous_1)
FNDA:0,searchItems
FNDA:0,(anonymous_3)
DA:8,0
DA:9,0
DA:10,0
DA:12,0
DA:14,0
DA:15,0
DA:16,0
DA:19,0
DA:24,0
DA:25,0
DA:26,0
DA:27,0
DA:30,0
DA:31,0
DA:32,0
DA:33,0
DA:34,0
DA:37,0
LF:18
LH:0
BRDA:12,0,0,0
BRDA:12,0,1,0
BRDA:15,1,0,0
BRDA:15,1,1,0
BRDA:15,2,0,0
BRDA:15,2,1,0
BRDA:27,3,0,0
BRDA:27,3,1,0
BRDA:31,4,0,0
BRDA:31,4,1,0
BRDA:33,5,0,0
BRDA:33,5,1,0
BRDA:33,6,0,0
BRDA:33,6,1,0
BRF:14
BRH:0
end_of_record
TN:
SF:/Users/adryo/workspace/mum/mpp/TwitterClone/twitter-clone-client/src/redux/sagas/user.js
FN:6,login
FN:25,register
FN:45,logout
FN:49,updateSelf
FNF:4
FNH:0
FNDA:0,login
FNDA:0,register
FNDA:0,logout
FNDA:0,updateSelf
DA:7,0
DA:8,0
DA:9,0
DA:14,0
DA:16,0
DA:17,0
DA:18,0
DA:21,0
DA:26,0
DA:27,0
DA:28,0
DA:34,0
DA:36,0
DA:37,0
DA:38,0
DA:41,0
DA:46,0
DA:50,0
DA:51,0
DA:52,0
DA:55,0
DA:57,0
DA:58,0
DA:59,0
DA:61,0
LF:25
LH:0
BRDA:17,0,0,0
BRDA:17,0,1,0
BRDA:17,1,0,0
BRDA:17,1,1,0
BRDA:37,2,0,0
BRDA:37,2,1,0
BRDA:37,3,0,0
BRDA:37,3,1,0
BRDA:58,4,0,0
BRDA:58,4,1,0
BRDA:58,5,0,0
BRDA:58,5,1,0
BRF:12
BRH:0
end_of_record
TN:
SF:/Users/adryo/workspace/mum/mpp/TwitterClone/twitter-clone-client/src/redux/services/tweet.service.js
FN:4,(anonymous_0)
FN:7,(anonymous_1)
FN:12,(anonymous_2)
FNF:3
FNH:1
FNDA:2,(anonymous_0)
FNDA:0,(anonymous_1)
FNDA:0,(anonymous_2)
DA:5,2
DA:9,0
DA:13,0
LF:3
LH:1
BRF:0
BRH:0
end_of_record
TN:
SF:/Users/adryo/workspace/mum/mpp/TwitterClone/twitter-clone-client/src/redux/services/tweet.service.mock.js
FN:11,(anonymous_0)
FN:21,(anonymous_1)
FN:26,(anonymous_2)
FNF:3
FNH:0
FNDA:0,(anonymous_0)
FNDA:0,(anonymous_1)
FNDA:0,(anonymous_2)
DA:7,1
DA:8,1
DA:12,0
DA:16,0
DA:18,0
DA:22,0
DA:24,0
DA:25,0
DA:26,0
DA:29,0
DA:32,0
DA:33,0
DA:34,0
LF:13
LH:2
BRDA:22,0,0,0
BRDA:22,0,1,0
BRDA:22,1,0,0
BRDA:22,1,1,0
BRDA:22,1,2,0
BRDA:26,2,0,0
BRDA:26,2,1,0
BRF:7
BRH:0
end_of_record
TN:
SF:/Users/adryo/workspace/mum/mpp/TwitterClone/twitter-clone-client/src/redux/services/user.service.js
FN:3,(anonymous_0)
FN:6,(anonymous_1)
FN:9,(anonymous_2)
FN:12,(anonymous_3)
FN:15,(anonymous_4)
FNF:5
FNH:0
FNDA:0,(anonymous_0)
FNDA:0,(anonymous_1)
FNDA:0,(anonymous_2)
FNDA:0,(anonymous_3)
FNDA:0,(anonymous_4)
LF:0
LH:0
BRF:0
BRH:0
end_of_record
TN:
SF:/Users/adryo/workspace/mum/mpp/TwitterClone/twitter-clone-client/src/redux/store/index.js
FN:23,(anonymous_0)
FN:24,(anonymous_1)
FN:25,(anonymous_2)
FNF:3
FNH:2
FNDA:3,(anonymous_0)
FNDA:0,(anonymous_1)
FNDA:1,(anonymous_2)
DA:8,1
DA:14,1
DA:16,1
DA:17,1
DA:23,3
DA:24,0
DA:25,1
LF:7
LH:6
BRF:0
BRH:0
end_of_record
TN:
SF:/Users/adryo/workspace/mum/mpp/TwitterClone/twitter-clone-client/src/redux/store/storage.js
FNF:0
FNH:0
DA:3,1
LF:1
LH:1
BRF:0
BRH:0
end_of_record
TN:
SF:/Users/adryo/workspace/mum/mpp/TwitterClone/twitter-clone-client/src/screens/profile/ProfileScreen.js
FN:11,(anonymous_0)
FN:17,(anonymous_1)
FN:22,(anonymous_2)
FN:51,(anonymous_3)
FN:99,(anonymous_4)
FN:100,(anonymous_5)
FN:136,(anonymous_6)
FNF:7
FNH:2
FNDA:0,(anonymous_0)
FNDA:0,(anonymous_1)
FNDA:2,(anonymous_2)
FNDA:2,(anonymous_3)
FNDA:0,(anonymous_4)
FNDA:0,(anonymous_5)
FNDA:0,(anonymous_6)
DA:11,1
DA:12,0
DA:17,1
DA:18,0
DA:23,2
DA:24,2
DA:25,1
DA:35,1
DA:52,2
DA:53,2
DA:98,1
DA:99,0
DA:100,0
DA:103,1
DA:136,0
LF:15
LH:10
BRDA:24,0,0,1
BRDA:24,0,1,1
BRDA:24,1,0,2
BRDA:24,1,1,1
BRDA:57,2,0,2
BRDA:57,2,1,2
BRDA:67,3,0,2
BRDA:67,3,1,2
BRDA:72,4,0,2
BRDA:72,4,1,2
BRDA:73,5,0,2
BRDA:73,5,1,2
BRDA:74,6,0,2
BRDA:74,6,1,2
BRDA:77,7,0,2
BRDA:77,7,1,2
BRDA:81,8,0,2
BRDA:81,8,1,2
BRDA:100,9,0,0
BRDA:100,9,1,0
BRF:20
BRH:18
end_of_record
